{"/Users/ankushmehra/Developer/personal/code-line-counter/src/cli.ts": {"path":"/Users/ankushmehra/Developer/personal/code-line-counter/src/cli.ts","statementMap":{"0":{"start":{"line":3,"column":0},"end":{"line":3,"column":37}},"1":{"start":{"line":4,"column":0},"end":{"line":4,"column":29}},"2":{"start":{"line":5,"column":0},"end":{"line":5,"column":26}},"3":{"start":{"line":6,"column":0},"end":{"line":6,"column":28}},"4":{"start":{"line":7,"column":0},"end":{"line":7,"column":31}},"5":{"start":{"line":10,"column":15},"end":{"line":10,"column":29}},"6":{"start":{"line":11,"column":16},"end":{"line":11,"column":23}},"7":{"start":{"line":27,"column":13},"end":{"line":27,"column":34}},"8":{"start":{"line":28,"column":28},"end":{"line":39,"column":2}},"9":{"start":{"line":42,"column":8},"end":{"line":42,"column":9}},"10":{"start":{"line":43,"column":0},"end":{"line":81,"column":1}},"11":{"start":{"line":44,"column":16},"end":{"line":44,"column":23}},"12":{"start":{"line":46,"column":4},"end":{"line":78,"column":5}},"13":{"start":{"line":47,"column":27},"end":{"line":47,"column":54}},"14":{"start":{"line":48,"column":8},"end":{"line":48,"column":87}},"15":{"start":{"line":48,"column":48},"end":{"line":48,"column":85}},"16":{"start":{"line":49,"column":11},"end":{"line":78,"column":5}},"17":{"start":{"line":50,"column":8},"end":{"line":50,"column":54}},"18":{"start":{"line":51,"column":11},"end":{"line":78,"column":5}},"19":{"start":{"line":52,"column":8},"end":{"line":52,"column":40}},"20":{"start":{"line":53,"column":11},"end":{"line":78,"column":5}},"21":{"start":{"line":54,"column":8},"end":{"line":54,"column":42}},"22":{"start":{"line":55,"column":11},"end":{"line":78,"column":5}},"23":{"start":{"line":56,"column":8},"end":{"line":56,"column":34}},"24":{"start":{"line":57,"column":11},"end":{"line":78,"column":5}},"25":{"start":{"line":58,"column":23},"end":{"line":58,"column":32}},"26":{"start":{"line":59,"column":8},"end":{"line":61,"column":9}},"27":{"start":{"line":60,"column":12},"end":{"line":60,"column":42}},"28":{"start":{"line":62,"column":11},"end":{"line":78,"column":5}},"29":{"start":{"line":63,"column":23},"end":{"line":63,"column":32}},"30":{"start":{"line":64,"column":8},"end":{"line":66,"column":9}},"31":{"start":{"line":65,"column":12},"end":{"line":65,"column":36}},"32":{"start":{"line":67,"column":11},"end":{"line":78,"column":5}},"33":{"start":{"line":68,"column":22},"end":{"line":68,"column":53}},"34":{"start":{"line":69,"column":8},"end":{"line":69,"column":50}},"35":{"start":{"line":70,"column":11},"end":{"line":78,"column":5}},"36":{"start":{"line":71,"column":8},"end":{"line":71,"column":32}},"37":{"start":{"line":72,"column":11},"end":{"line":78,"column":5}},"38":{"start":{"line":73,"column":8},"end":{"line":73,"column":118}},"39":{"start":{"line":74,"column":8},"end":{"line":74,"column":24}},"40":{"start":{"line":75,"column":11},"end":{"line":78,"column":5}},"41":{"start":{"line":77,"column":8},"end":{"line":77,"column":33}},"42":{"start":{"line":80,"column":4},"end":{"line":80,"column":8}},"43":{"start":{"line":87,"column":4},"end":{"line":87,"column":80}},"44":{"start":{"line":88,"column":4},"end":{"line":88,"column":108}},"45":{"start":{"line":89,"column":4},"end":{"line":89,"column":58}},"46":{"start":{"line":91,"column":4},"end":{"line":91,"column":40}},"47":{"start":{"line":92,"column":4},"end":{"line":92,"column":61}},"48":{"start":{"line":94,"column":4},"end":{"line":94,"column":42}},"49":{"start":{"line":95,"column":4},"end":{"line":95,"column":117}},"50":{"start":{"line":96,"column":4},"end":{"line":96,"column":116}},"51":{"start":{"line":97,"column":4},"end":{"line":97,"column":82}},"52":{"start":{"line":98,"column":4},"end":{"line":98,"column":84}},"53":{"start":{"line":99,"column":4},"end":{"line":99,"column":95}},"54":{"start":{"line":100,"column":4},"end":{"line":100,"column":110}},"55":{"start":{"line":101,"column":4},"end":{"line":101,"column":108}},"56":{"start":{"line":102,"column":4},"end":{"line":102,"column":104}},"57":{"start":{"line":103,"column":4},"end":{"line":103,"column":82}},"58":{"start":{"line":104,"column":4},"end":{"line":104,"column":82}},"59":{"start":{"line":106,"column":4},"end":{"line":106,"column":43}},"60":{"start":{"line":107,"column":4},"end":{"line":107,"column":112}},"61":{"start":{"line":108,"column":4},"end":{"line":108,"column":110}},"62":{"start":{"line":109,"column":4},"end":{"line":109,"column":122}},"63":{"start":{"line":110,"column":4},"end":{"line":110,"column":104}},"64":{"start":{"line":111,"column":4},"end":{"line":111,"column":101}},"65":{"start":{"line":112,"column":4},"end":{"line":112,"column":102}},"66":{"start":{"line":119,"column":4},"end":{"line":119,"column":42}},"67":{"start":{"line":119,"column":22},"end":{"line":119,"column":42}},"68":{"start":{"line":120,"column":4},"end":{"line":120,"column":70}},"69":{"start":{"line":120,"column":29},"end":{"line":120,"column":70}},"70":{"start":{"line":121,"column":4},"end":{"line":121,"column":86}},"71":{"start":{"line":121,"column":36},"end":{"line":121,"column":86}},"72":{"start":{"line":122,"column":4},"end":{"line":122,"column":61}},"73":{"start":{"line":129,"column":4},"end":{"line":129,"column":64}},"74":{"start":{"line":136,"column":4},"end":{"line":136,"column":93}},"75":{"start":{"line":136,"column":64},"end":{"line":136,"column":88}},"76":{"start":{"line":143,"column":4},"end":{"line":143,"column":83}},"77":{"start":{"line":144,"column":4},"end":{"line":144,"column":63}},"78":{"start":{"line":147,"column":25},"end":{"line":155,"column":6}},"79":{"start":{"line":157,"column":23},"end":{"line":157,"column":63}},"80":{"start":{"line":158,"column":22},"end":{"line":158,"column":62}},"81":{"start":{"line":160,"column":4},"end":{"line":169,"column":6}},"82":{"start":{"line":171,"column":4},"end":{"line":171,"column":41}},"83":{"start":{"line":172,"column":4},"end":{"line":172,"column":18}},"84":{"start":{"line":175,"column":137},"end":{"line":175,"column":139}},"85":{"start":{"line":177,"column":4},"end":{"line":190,"column":7}},"86":{"start":{"line":178,"column":20},"end":{"line":178,"column":76}},"87":{"start":{"line":180,"column":8},"end":{"line":182,"column":9}},"88":{"start":{"line":181,"column":12},"end":{"line":181,"column":97}},"89":{"start":{"line":184,"column":8},"end":{"line":184,"column":35}},"90":{"start":{"line":185,"column":8},"end":{"line":185,"column":58}},"91":{"start":{"line":186,"column":8},"end":{"line":186,"column":56}},"92":{"start":{"line":187,"column":8},"end":{"line":187,"column":63}},"93":{"start":{"line":188,"column":8},"end":{"line":188,"column":58}},"94":{"start":{"line":189,"column":8},"end":{"line":189,"column":56}},"95":{"start":{"line":193,"column":26},"end":{"line":193,"column":55}},"96":{"start":{"line":195,"column":4},"end":{"line":201,"column":5}},"97":{"start":{"line":196,"column":8},"end":{"line":196,"column":75}},"98":{"start":{"line":196,"column":49},"end":{"line":196,"column":73}},"99":{"start":{"line":197,"column":11},"end":{"line":201,"column":5}},"100":{"start":{"line":198,"column":8},"end":{"line":198,"column":86}},"101":{"start":{"line":198,"column":57},"end":{"line":198,"column":84}},"102":{"start":{"line":199,"column":11},"end":{"line":201,"column":5}},"103":{"start":{"line":200,"column":8},"end":{"line":200,"column":86}},"104":{"start":{"line":200,"column":57},"end":{"line":200,"column":84}},"105":{"start":{"line":204,"column":4},"end":{"line":204,"column":62}},"106":{"start":{"line":206,"column":27},"end":{"line":223,"column":6}},"107":{"start":{"line":225,"column":4},"end":{"line":235,"column":7}},"108":{"start":{"line":226,"column":8},"end":{"line":234,"column":11}},"109":{"start":{"line":237,"column":4},"end":{"line":237,"column":52}},"110":{"start":{"line":238,"column":4},"end":{"line":238,"column":43}},"111":{"start":{"line":241,"column":4},"end":{"line":241,"column":56}},"112":{"start":{"line":243,"column":21},"end":{"line":243,"column":23}},"113":{"start":{"line":244,"column":22},"end":{"line":244,"column":58}},"114":{"start":{"line":245,"column":25},"end":{"line":245,"column":64}},"115":{"start":{"line":246,"column":23},"end":{"line":246,"column":60}},"116":{"start":{"line":248,"column":22},"end":{"line":248,"column":54}},"117":{"start":{"line":249,"column":25},"end":{"line":249,"column":60}},"118":{"start":{"line":250,"column":23},"end":{"line":250,"column":56}},"119":{"start":{"line":252,"column":4},"end":{"line":254,"column":6}},"120":{"start":{"line":255,"column":4},"end":{"line":259,"column":6}},"121":{"start":{"line":262,"column":4},"end":{"line":262,"column":89}},"122":{"start":{"line":263,"column":4},"end":{"line":263,"column":76}},"123":{"start":{"line":270,"column":4},"end":{"line":270,"column":57}},"124":{"start":{"line":271,"column":4},"end":{"line":271,"column":59}},"125":{"start":{"line":272,"column":4},"end":{"line":272,"column":55}},"126":{"start":{"line":273,"column":4},"end":{"line":273,"column":76}},"127":{"start":{"line":274,"column":4},"end":{"line":274,"column":53}},"128":{"start":{"line":275,"column":4},"end":{"line":275,"column":113}},"129":{"start":{"line":276,"column":4},"end":{"line":276,"column":122}},"130":{"start":{"line":277,"column":4},"end":{"line":277,"column":116}},"131":{"start":{"line":279,"column":4},"end":{"line":279,"column":54}},"132":{"start":{"line":281,"column":76},"end":{"line":281,"column":78}},"133":{"start":{"line":283,"column":4},"end":{"line":292,"column":7}},"134":{"start":{"line":284,"column":20},"end":{"line":284,"column":76}},"135":{"start":{"line":286,"column":8},"end":{"line":288,"column":9}},"136":{"start":{"line":287,"column":12},"end":{"line":287,"column":56}},"137":{"start":{"line":290,"column":8},"end":{"line":290,"column":35}},"138":{"start":{"line":291,"column":8},"end":{"line":291,"column":58}},"139":{"start":{"line":294,"column":4},"end":{"line":296,"column":7}},"140":{"start":{"line":295,"column":8},"end":{"line":295,"column":74}},"141":{"start":{"line":303,"column":4},"end":{"line":306,"column":5}},"142":{"start":{"line":304,"column":8},"end":{"line":304,"column":19}},"143":{"start":{"line":305,"column":8},"end":{"line":305,"column":24}},"144":{"start":{"line":309,"column":4},"end":{"line":311,"column":5}},"145":{"start":{"line":310,"column":8},"end":{"line":310,"column":143}},"146":{"start":{"line":313,"column":4},"end":{"line":313,"column":65}},"147":{"start":{"line":316,"column":19},"end":{"line":322,"column":6}},"148":{"start":{"line":324,"column":4},"end":{"line":357,"column":5}},"149":{"start":{"line":326,"column":8},"end":{"line":333,"column":11}},"150":{"start":{"line":327,"column":12},"end":{"line":332,"column":13}},"151":{"start":{"line":328,"column":30},"end":{"line":328,"column":62}},"152":{"start":{"line":329,"column":17},"end":{"line":329,"column":54}},"153":{"start":{"line":331,"column":17},"end":{"line":331,"column":45}},"154":{"start":{"line":335,"column":8},"end":{"line":353,"column":9}},"155":{"start":{"line":337,"column":33},"end":{"line":344,"column":14}},"156":{"start":{"line":346,"column":12},"end":{"line":346,"column":63}},"157":{"start":{"line":347,"column":15},"end":{"line":353,"column":9}},"158":{"start":{"line":349,"column":12},"end":{"line":349,"column":61}},"159":{"start":{"line":352,"column":12},"end":{"line":352,"column":60}},"160":{"start":{"line":355,"column":8},"end":{"line":355,"column":103}},"161":{"start":{"line":356,"column":8},"end":{"line":356,"column":24}},"162":{"start":{"line":361,"column":0},"end":{"line":361,"column":7}}},"fnMap":{"0":{"name":"(anonymous_10)","decl":{"start":{"line":48,"column":41},"end":{"line":48,"column":44}},"loc":{"start":{"line":48,"column":48},"end":{"line":48,"column":85}}},"1":{"name":"showHelp","decl":{"start":{"line":86,"column":9},"end":{"line":86,"column":17}},"loc":{"start":{"line":86,"column":17},"end":{"line":113,"column":1}}},"2":{"name":"formatFileSize","decl":{"start":{"line":118,"column":9},"end":{"line":118,"column":23}},"loc":{"start":{"line":118,"column":37},"end":{"line":123,"column":1}}},"3":{"name":"formatNumber","decl":{"start":{"line":128,"column":9},"end":{"line":128,"column":21}},"loc":{"start":{"line":128,"column":33},"end":{"line":130,"column":1}}},"4":{"name":"calculateTotalSize","decl":{"start":{"line":135,"column":9},"end":{"line":135,"column":27}},"loc":{"start":{"line":135,"column":62},"end":{"line":137,"column":1}}},"5":{"name":"(anonymous_15)","decl":{"start":{"line":136,"column":47},"end":{"line":136,"column":48}},"loc":{"start":{"line":136,"column":64},"end":{"line":136,"column":88}}},"6":{"name":"displayTableResults","decl":{"start":{"line":142,"column":9},"end":{"line":142,"column":28}},"loc":{"start":{"line":142,"column":60},"end":{"line":264,"column":1}}},"7":{"name":"(anonymous_17)","decl":{"start":{"line":177,"column":49},"end":{"line":177,"column":50}},"loc":{"start":{"line":177,"column":91},"end":{"line":190,"column":5}}},"8":{"name":"(anonymous_18)","decl":{"start":{"line":196,"column":29},"end":{"line":196,"column":30}},"loc":{"start":{"line":196,"column":49},"end":{"line":196,"column":73}}},"9":{"name":"(anonymous_19)","decl":{"start":{"line":198,"column":29},"end":{"line":198,"column":30}},"loc":{"start":{"line":198,"column":57},"end":{"line":198,"column":84}}},"10":{"name":"(anonymous_20)","decl":{"start":{"line":200,"column":29},"end":{"line":200,"column":30}},"loc":{"start":{"line":200,"column":57},"end":{"line":200,"column":84}}},"11":{"name":"(anonymous_21)","decl":{"start":{"line":225,"column":28},"end":{"line":225,"column":29}},"loc":{"start":{"line":225,"column":45},"end":{"line":235,"column":5}}},"12":{"name":"displaySimpleResults","decl":{"start":{"line":269,"column":9},"end":{"line":269,"column":29}},"loc":{"start":{"line":269,"column":61},"end":{"line":297,"column":1}}},"13":{"name":"(anonymous_23)","decl":{"start":{"line":283,"column":49},"end":{"line":283,"column":50}},"loc":{"start":{"line":283,"column":91},"end":{"line":292,"column":5}}},"14":{"name":"(anonymous_24)","decl":{"start":{"line":294,"column":42},"end":{"line":294,"column":43}},"loc":{"start":{"line":294,"column":59},"end":{"line":296,"column":5}}},"15":{"name":"main","decl":{"start":{"line":302,"column":9},"end":{"line":302,"column":13}},"loc":{"start":{"line":302,"column":13},"end":{"line":358,"column":1}}},"16":{"name":"(anonymous_26)","decl":{"start":{"line":326,"column":53},"end":{"line":326,"column":54}},"loc":{"start":{"line":326,"column":95},"end":{"line":333,"column":9}}}},"branchMap":{"0":{"loc":{"start":{"line":46,"column":4},"end":{"line":78,"column":5}},"type":"if","locations":[{"start":{"line":46,"column":4},"end":{"line":78,"column":5}},{"start":{"line":49,"column":11},"end":{"line":78,"column":5}}]},"1":{"loc":{"start":{"line":46,"column":8},"end":{"line":46,"column":43}},"type":"binary-expr","locations":[{"start":{"line":46,"column":8},"end":{"line":46,"column":27}},{"start":{"line":46,"column":31},"end":{"line":46,"column":43}}]},"2":{"loc":{"start":{"line":47,"column":27},"end":{"line":47,"column":54}},"type":"binary-expr","locations":[{"start":{"line":47,"column":27},"end":{"line":47,"column":48}},{"start":{"line":47,"column":52},"end":{"line":47,"column":54}}]},"3":{"loc":{"start":{"line":47,"column":27},"end":{"line":47,"column":48}},"type":"cond-expr","locations":[{"start":{"line":47,"column":36},"end":{"line":47,"column":38}},{"start":{"line":47,"column":36},"end":{"line":47,"column":48}}]},"4":{"loc":{"start":{"line":47,"column":27},"end":{"line":47,"column":38}},"type":"binary-expr","locations":[{"start":{"line":47,"column":27},"end":{"line":47,"column":38}},{"start":{"line":47,"column":36},"end":{"line":47,"column":38}}]},"5":{"loc":{"start":{"line":48,"column":48},"end":{"line":48,"column":85}},"type":"cond-expr","locations":[{"start":{"line":48,"column":70},"end":{"line":48,"column":73}},{"start":{"line":48,"column":76},"end":{"line":48,"column":85}}]},"6":{"loc":{"start":{"line":49,"column":11},"end":{"line":78,"column":5}},"type":"if","locations":[{"start":{"line":49,"column":11},"end":{"line":78,"column":5}},{"start":{"line":51,"column":11},"end":{"line":78,"column":5}}]},"7":{"loc":{"start":{"line":49,"column":15},"end":{"line":49,"column":50}},"type":"binary-expr","locations":[{"start":{"line":49,"column":15},"end":{"line":49,"column":34}},{"start":{"line":49,"column":38},"end":{"line":49,"column":50}}]},"8":{"loc":{"start":{"line":50,"column":26},"end":{"line":50,"column":53}},"type":"binary-expr","locations":[{"start":{"line":50,"column":26},"end":{"line":50,"column":47}},{"start":{"line":50,"column":51},"end":{"line":50,"column":53}}]},"9":{"loc":{"start":{"line":50,"column":26},"end":{"line":50,"column":47}},"type":"cond-expr","locations":[{"start":{"line":50,"column":35},"end":{"line":50,"column":37}},{"start":{"line":50,"column":35},"end":{"line":50,"column":47}}]},"10":{"loc":{"start":{"line":50,"column":26},"end":{"line":50,"column":37}},"type":"binary-expr","locations":[{"start":{"line":50,"column":26},"end":{"line":50,"column":37}},{"start":{"line":50,"column":35},"end":{"line":50,"column":37}}]},"11":{"loc":{"start":{"line":51,"column":11},"end":{"line":78,"column":5}},"type":"if","locations":[{"start":{"line":51,"column":11},"end":{"line":78,"column":5}},{"start":{"line":53,"column":11},"end":{"line":78,"column":5}}]},"12":{"loc":{"start":{"line":53,"column":11},"end":{"line":78,"column":5}},"type":"if","locations":[{"start":{"line":53,"column":11},"end":{"line":78,"column":5}},{"start":{"line":55,"column":11},"end":{"line":78,"column":5}}]},"13":{"loc":{"start":{"line":55,"column":11},"end":{"line":78,"column":5}},"type":"if","locations":[{"start":{"line":55,"column":11},"end":{"line":78,"column":5}},{"start":{"line":57,"column":11},"end":{"line":78,"column":5}}]},"14":{"loc":{"start":{"line":57,"column":11},"end":{"line":78,"column":5}},"type":"if","locations":[{"start":{"line":57,"column":11},"end":{"line":78,"column":5}},{"start":{"line":62,"column":11},"end":{"line":78,"column":5}}]},"15":{"loc":{"start":{"line":59,"column":8},"end":{"line":61,"column":9}},"type":"if","locations":[{"start":{"line":59,"column":8},"end":{"line":61,"column":9}}]},"16":{"loc":{"start":{"line":59,"column":12},"end":{"line":59,"column":74}},"type":"binary-expr","locations":[{"start":{"line":59,"column":12},"end":{"line":59,"column":30}},{"start":{"line":59,"column":34},"end":{"line":59,"column":51}},{"start":{"line":59,"column":55},"end":{"line":59,"column":74}}]},"17":{"loc":{"start":{"line":62,"column":11},"end":{"line":78,"column":5}},"type":"if","locations":[{"start":{"line":62,"column":11},"end":{"line":78,"column":5}},{"start":{"line":67,"column":11},"end":{"line":78,"column":5}}]},"18":{"loc":{"start":{"line":64,"column":8},"end":{"line":66,"column":9}},"type":"if","locations":[{"start":{"line":64,"column":8},"end":{"line":66,"column":9}}]},"19":{"loc":{"start":{"line":64,"column":12},"end":{"line":64,"column":78}},"type":"binary-expr","locations":[{"start":{"line":64,"column":12},"end":{"line":64,"column":34}},{"start":{"line":64,"column":38},"end":{"line":64,"column":56}},{"start":{"line":64,"column":60},"end":{"line":64,"column":78}}]},"20":{"loc":{"start":{"line":67,"column":11},"end":{"line":78,"column":5}},"type":"if","locations":[{"start":{"line":67,"column":11},"end":{"line":78,"column":5}},{"start":{"line":70,"column":11},"end":{"line":78,"column":5}}]},"21":{"loc":{"start":{"line":68,"column":31},"end":{"line":68,"column":48}},"type":"binary-expr","locations":[{"start":{"line":68,"column":31},"end":{"line":68,"column":40}},{"start":{"line":68,"column":44},"end":{"line":68,"column":48}}]},"22":{"loc":{"start":{"line":69,"column":24},"end":{"line":69,"column":49}},"type":"cond-expr","locations":[{"start":{"line":69,"column":39},"end":{"line":69,"column":41}},{"start":{"line":69,"column":44},"end":{"line":69,"column":49}}]},"23":{"loc":{"start":{"line":70,"column":11},"end":{"line":78,"column":5}},"type":"if","locations":[{"start":{"line":70,"column":11},"end":{"line":78,"column":5}},{"start":{"line":72,"column":11},"end":{"line":78,"column":5}}]},"24":{"loc":{"start":{"line":70,"column":15},"end":{"line":70,"column":47}},"type":"binary-expr","locations":[{"start":{"line":70,"column":15},"end":{"line":70,"column":31}},{"start":{"line":70,"column":35},"end":{"line":70,"column":47}}]},"25":{"loc":{"start":{"line":72,"column":11},"end":{"line":78,"column":5}},"type":"if","locations":[{"start":{"line":72,"column":11},"end":{"line":78,"column":5}},{"start":{"line":75,"column":11},"end":{"line":78,"column":5}}]},"26":{"loc":{"start":{"line":72,"column":15},"end":{"line":72,"column":50}},"type":"binary-expr","locations":[{"start":{"line":72,"column":15},"end":{"line":72,"column":34}},{"start":{"line":72,"column":38},"end":{"line":72,"column":50}}]},"27":{"loc":{"start":{"line":75,"column":11},"end":{"line":78,"column":5}},"type":"if","locations":[{"start":{"line":75,"column":11},"end":{"line":78,"column":5}}]},"28":{"loc":{"start":{"line":119,"column":4},"end":{"line":119,"column":42}},"type":"if","locations":[{"start":{"line":119,"column":4},"end":{"line":119,"column":42}}]},"29":{"loc":{"start":{"line":120,"column":4},"end":{"line":120,"column":70}},"type":"if","locations":[{"start":{"line":120,"column":4},"end":{"line":120,"column":70}}]},"30":{"loc":{"start":{"line":121,"column":4},"end":{"line":121,"column":86}},"type":"if","locations":[{"start":{"line":121,"column":4},"end":{"line":121,"column":86}}]},"31":{"loc":{"start":{"line":136,"column":73},"end":{"line":136,"column":87}},"type":"binary-expr","locations":[{"start":{"line":136,"column":73},"end":{"line":136,"column":82}},{"start":{"line":136,"column":86},"end":{"line":136,"column":87}}]},"32":{"loc":{"start":{"line":178,"column":20},"end":{"line":178,"column":76}},"type":"binary-expr","locations":[{"start":{"line":178,"column":20},"end":{"line":178,"column":56}},{"start":{"line":178,"column":60},"end":{"line":178,"column":76}}]},"33":{"loc":{"start":{"line":180,"column":8},"end":{"line":182,"column":9}},"type":"if","locations":[{"start":{"line":180,"column":8},"end":{"line":182,"column":9}}]},"34":{"loc":{"start":{"line":189,"column":35},"end":{"line":189,"column":55}},"type":"binary-expr","locations":[{"start":{"line":189,"column":35},"end":{"line":189,"column":50}},{"start":{"line":189,"column":54},"end":{"line":189,"column":55}}]},"35":{"loc":{"start":{"line":195,"column":4},"end":{"line":201,"column":5}},"type":"if","locations":[{"start":{"line":195,"column":4},"end":{"line":201,"column":5}},{"start":{"line":197,"column":11},"end":{"line":201,"column":5}}]},"36":{"loc":{"start":{"line":197,"column":11},"end":{"line":201,"column":5}},"type":"if","locations":[{"start":{"line":197,"column":11},"end":{"line":201,"column":5}},{"start":{"line":199,"column":11},"end":{"line":201,"column":5}}]},"37":{"loc":{"start":{"line":199,"column":11},"end":{"line":201,"column":5}},"type":"if","locations":[{"start":{"line":199,"column":11},"end":{"line":201,"column":5}}]},"38":{"loc":{"start":{"line":284,"column":20},"end":{"line":284,"column":76}},"type":"binary-expr","locations":[{"start":{"line":284,"column":20},"end":{"line":284,"column":56}},{"start":{"line":284,"column":60},"end":{"line":284,"column":76}}]},"39":{"loc":{"start":{"line":286,"column":8},"end":{"line":288,"column":9}},"type":"if","locations":[{"start":{"line":286,"column":8},"end":{"line":288,"column":9}}]},"40":{"loc":{"start":{"line":303,"column":4},"end":{"line":306,"column":5}},"type":"if","locations":[{"start":{"line":303,"column":4},"end":{"line":306,"column":5}}]},"41":{"loc":{"start":{"line":309,"column":4},"end":{"line":311,"column":5}},"type":"if","locations":[{"start":{"line":309,"column":4},"end":{"line":311,"column":5}}]},"42":{"loc":{"start":{"line":324,"column":4},"end":{"line":357,"column":5}},"type":"if","locations":[{"start":{"line":324,"column":4},"end":{"line":357,"column":5}},{"start":{"line":354,"column":11},"end":{"line":357,"column":5}}]},"43":{"loc":{"start":{"line":335,"column":8},"end":{"line":353,"column":9}},"type":"if","locations":[{"start":{"line":335,"column":8},"end":{"line":353,"column":9}},{"start":{"line":347,"column":15},"end":{"line":353,"column":9}}]},"44":{"loc":{"start":{"line":347,"column":15},"end":{"line":353,"column":9}},"type":"if","locations":[{"start":{"line":347,"column":15},"end":{"line":353,"column":9}},{"start":{"line":350,"column":15},"end":{"line":353,"column":9}}]}},"s":{"0":0,"1":0,"2":0,"3":0,"4":0,"5":0,"6":0,"7":0,"8":0,"9":0,"10":0,"11":0,"12":0,"13":0,"14":0,"15":0,"16":0,"17":0,"18":0,"19":0,"20":0,"21":0,"22":0,"23":0,"24":0,"25":0,"26":0,"27":0,"28":0,"29":0,"30":0,"31":0,"32":0,"33":0,"34":0,"35":0,"36":0,"37":0,"38":0,"39":0,"40":0,"41":0,"42":0,"43":0,"44":0,"45":0,"46":0,"47":0,"48":0,"49":0,"50":0,"51":0,"52":0,"53":0,"54":0,"55":0,"56":0,"57":0,"58":0,"59":0,"60":0,"61":0,"62":0,"63":0,"64":0,"65":0,"66":0,"67":0,"68":0,"69":0,"70":0,"71":0,"72":0,"73":0,"74":0,"75":0,"76":0,"77":0,"78":0,"79":0,"80":0,"81":0,"82":0,"83":0,"84":0,"85":0,"86":0,"87":0,"88":0,"89":0,"90":0,"91":0,"92":0,"93":0,"94":0,"95":0,"96":0,"97":0,"98":0,"99":0,"100":0,"101":0,"102":0,"103":0,"104":0,"105":0,"106":0,"107":0,"108":0,"109":0,"110":0,"111":0,"112":0,"113":0,"114":0,"115":0,"116":0,"117":0,"118":0,"119":0,"120":0,"121":0,"122":0,"123":0,"124":0,"125":0,"126":0,"127":0,"128":0,"129":0,"130":0,"131":0,"132":0,"133":0,"134":0,"135":0,"136":0,"137":0,"138":0,"139":0,"140":0,"141":0,"142":0,"143":0,"144":0,"145":0,"146":0,"147":0,"148":0,"149":0,"150":0,"151":0,"152":0,"153":0,"154":0,"155":0,"156":0,"157":0,"158":0,"159":0,"160":0,"161":0,"162":0},"f":{"0":0,"1":0,"2":0,"3":0,"4":0,"5":0,"6":0,"7":0,"8":0,"9":0,"10":0,"11":0,"12":0,"13":0,"14":0,"15":0,"16":0},"b":{"0":[0,0],"1":[0,0],"2":[0,0],"3":[0,0],"4":[0,0],"5":[0,0],"6":[0,0],"7":[0,0],"8":[0,0],"9":[0,0],"10":[0,0],"11":[0,0],"12":[0,0],"13":[0,0],"14":[0,0],"15":[0],"16":[0,0,0],"17":[0,0],"18":[0],"19":[0,0,0],"20":[0,0],"21":[0,0],"22":[0,0],"23":[0,0],"24":[0,0],"25":[0,0],"26":[0,0],"27":[0],"28":[0],"29":[0],"30":[0],"31":[0,0],"32":[0,0],"33":[0],"34":[0,0],"35":[0,0],"36":[0,0],"37":[0],"38":[0,0],"39":[0],"40":[0],"41":[0],"42":[0,0],"43":[0,0],"44":[0,0]}}
,"/Users/ankushmehra/Developer/personal/code-line-counter/src/index.ts": {"path":"/Users/ankushmehra/Developer/personal/code-line-counter/src/index.ts","statementMap":{"0":{"start":{"line":63,"column":0},"end":{"line":63,"column":16}},"1":{"start":{"line":143,"column":0},"end":{"line":143,"column":16}},"2":{"start":{"line":221,"column":0},"end":{"line":221,"column":16}},"3":{"start":{"line":1,"column":0},"end":{"line":1,"column":25}},"4":{"start":{"line":2,"column":0},"end":{"line":2,"column":29}},"5":{"start":{"line":64,"column":4},"end":{"line":108,"column":5}},"6":{"start":{"line":65,"column":24},"end":{"line":65,"column":57}},"7":{"start":{"line":67,"column":22},"end":{"line":67,"column":44}},"8":{"start":{"line":70,"column":35},"end":{"line":70,"column":57}},"9":{"start":{"line":71,"column":31},"end":{"line":71,"column":98}},"10":{"start":{"line":73,"column":40},"end":{"line":78,"column":10}},"11":{"start":{"line":80,"column":24},"end":{"line":80,"column":60}},"12":{"start":{"line":81,"column":30},"end":{"line":81,"column":60}},"13":{"start":{"line":83,"column":8},"end":{"line":93,"column":9}},"14":{"start":{"line":84,"column":32},"end":{"line":84,"column":43}},"15":{"start":{"line":86,"column":12},"end":{"line":92,"column":13}},"16":{"start":{"line":87,"column":16},"end":{"line":87,"column":36}},"17":{"start":{"line":88,"column":19},"end":{"line":92,"column":13}},"18":{"start":{"line":89,"column":16},"end":{"line":89,"column":38}},"19":{"start":{"line":91,"column":16},"end":{"line":91,"column":35}},"20":{"start":{"line":96,"column":8},"end":{"line":98,"column":9}},"21":{"start":{"line":97,"column":12},"end":{"line":97,"column":51}},"22":{"start":{"line":100,"column":8},"end":{"line":102,"column":9}},"23":{"start":{"line":101,"column":12},"end":{"line":101,"column":53}},"24":{"start":{"line":104,"column":8},"end":{"line":104,"column":22}},"25":{"start":{"line":106,"column":8},"end":{"line":106,"column":115}},"26":{"start":{"line":107,"column":8},"end":{"line":107,"column":20}},"27":{"start":{"line":117,"column":61},"end":{"line":131,"column":6}},"28":{"start":{"line":118,"column":23},"end":{"line":118,"column":120}},"29":{"start":{"line":119,"column":23},"end":{"line":119,"column":120}},"30":{"start":{"line":120,"column":23},"end":{"line":120,"column":43}},"31":{"start":{"line":121,"column":23},"end":{"line":121,"column":43}},"32":{"start":{"line":122,"column":25},"end":{"line":122,"column":122}},"33":{"start":{"line":123,"column":22},"end":{"line":123,"column":119}},"34":{"start":{"line":124,"column":24},"end":{"line":124,"column":121}},"35":{"start":{"line":125,"column":23},"end":{"line":125,"column":120}},"36":{"start":{"line":126,"column":25},"end":{"line":126,"column":72}},"37":{"start":{"line":127,"column":24},"end":{"line":127,"column":96}},"38":{"start":{"line":128,"column":24},"end":{"line":128,"column":145}},"39":{"start":{"line":129,"column":23},"end":{"line":129,"column":44}},"40":{"start":{"line":130,"column":26},"end":{"line":130,"column":123}},"41":{"start":{"line":134,"column":4},"end":{"line":134,"column":68}},"42":{"start":{"line":144,"column":41},"end":{"line":150,"column":6}},"43":{"start":{"line":152,"column":40},"end":{"line":152,"column":73}},"44":{"start":{"line":154,"column":32},"end":{"line":160,"column":6}},"45":{"start":{"line":162,"column":4},"end":{"line":212,"column":5}},"46":{"start":{"line":163,"column":22},"end":{"line":163,"column":45}},"47":{"start":{"line":165,"column":8},"end":{"line":206,"column":9}},"48":{"start":{"line":166,"column":29},"end":{"line":166,"column":53}},"49":{"start":{"line":169,"column":12},"end":{"line":171,"column":13}},"50":{"start":{"line":169,"column":54},"end":{"line":169,"column":80}},"51":{"start":{"line":170,"column":16},"end":{"line":170,"column":25}},"52":{"start":{"line":173,"column":26},"end":{"line":173,"column":47}},"53":{"start":{"line":175,"column":12},"end":{"line":205,"column":13}},"54":{"start":{"line":177,"column":37},"end":{"line":177,"column":83}},"55":{"start":{"line":180,"column":16},"end":{"line":180,"column":61}},"56":{"start":{"line":181,"column":16},"end":{"line":181,"column":59}},"57":{"start":{"line":182,"column":16},"end":{"line":182,"column":65}},"58":{"start":{"line":183,"column":16},"end":{"line":183,"column":61}},"59":{"start":{"line":186,"column":16},"end":{"line":186,"column":80}},"60":{"start":{"line":187,"column":19},"end":{"line":205,"column":13}},"61":{"start":{"line":188,"column":32},"end":{"line":188,"column":68}},"62":{"start":{"line":191,"column":16},"end":{"line":204,"column":17}},"63":{"start":{"line":192,"column":39},"end":{"line":192,"column":80}},"64":{"start":{"line":194,"column":20},"end":{"line":203,"column":21}},"65":{"start":{"line":196,"column":24},"end":{"line":196,"column":67}},"66":{"start":{"line":197,"column":24},"end":{"line":197,"column":65}},"67":{"start":{"line":198,"column":24},"end":{"line":198,"column":71}},"68":{"start":{"line":199,"column":24},"end":{"line":199,"column":67}},"69":{"start":{"line":202,"column":24},"end":{"line":202,"column":68}},"70":{"start":{"line":208,"column":8},"end":{"line":208,"column":22}},"71":{"start":{"line":210,"column":8},"end":{"line":210,"column":122}},"72":{"start":{"line":211,"column":8},"end":{"line":211,"column":22}},"73":{"start":{"line":222,"column":25},"end":{"line":222,"column":49}},"74":{"start":{"line":224,"column":4},"end":{"line":249,"column":5}},"75":{"start":{"line":225,"column":22},"end":{"line":225,"column":47}},"76":{"start":{"line":227,"column":8},"end":{"line":245,"column":9}},"77":{"start":{"line":228,"column":12},"end":{"line":228,"column":64}},"78":{"start":{"line":229,"column":15},"end":{"line":245,"column":9}},"79":{"start":{"line":230,"column":27},"end":{"line":230,"column":66}},"80":{"start":{"line":232,"column":12},"end":{"line":242,"column":13}},"81":{"start":{"line":233,"column":16},"end":{"line":239,"column":18}},"82":{"start":{"line":241,"column":16},"end":{"line":241,"column":28}},"83":{"start":{"line":244,"column":12},"end":{"line":244,"column":86}},"84":{"start":{"line":247,"column":8},"end":{"line":247,"column":90}},"85":{"start":{"line":248,"column":8},"end":{"line":248,"column":20}}},"fnMap":{"0":{"name":"countLinesInFile","decl":{"start":{"line":63,"column":16},"end":{"line":63,"column":32}},"loc":{"start":{"line":63,"column":86},"end":{"line":109,"column":1}}},"1":{"name":"createCommentDetector","decl":{"start":{"line":115,"column":9},"end":{"line":115,"column":30}},"loc":{"start":{"line":115,"column":52},"end":{"line":135,"column":1}}},"2":{"name":"(anonymous_11)","decl":{"start":{"line":118,"column":15},"end":{"line":118,"column":19}},"loc":{"start":{"line":118,"column":23},"end":{"line":118,"column":120}}},"3":{"name":"(anonymous_12)","decl":{"start":{"line":119,"column":15},"end":{"line":119,"column":19}},"loc":{"start":{"line":119,"column":23},"end":{"line":119,"column":120}}},"4":{"name":"(anonymous_13)","decl":{"start":{"line":120,"column":15},"end":{"line":120,"column":19}},"loc":{"start":{"line":120,"column":23},"end":{"line":120,"column":43}}},"5":{"name":"(anonymous_14)","decl":{"start":{"line":121,"column":15},"end":{"line":121,"column":19}},"loc":{"start":{"line":121,"column":23},"end":{"line":121,"column":43}}},"6":{"name":"(anonymous_15)","decl":{"start":{"line":122,"column":17},"end":{"line":122,"column":21}},"loc":{"start":{"line":122,"column":25},"end":{"line":122,"column":122}}},"7":{"name":"(anonymous_16)","decl":{"start":{"line":123,"column":14},"end":{"line":123,"column":18}},"loc":{"start":{"line":123,"column":22},"end":{"line":123,"column":119}}},"8":{"name":"(anonymous_17)","decl":{"start":{"line":124,"column":16},"end":{"line":124,"column":20}},"loc":{"start":{"line":124,"column":24},"end":{"line":124,"column":121}}},"9":{"name":"(anonymous_18)","decl":{"start":{"line":125,"column":15},"end":{"line":125,"column":19}},"loc":{"start":{"line":125,"column":23},"end":{"line":125,"column":120}}},"10":{"name":"(anonymous_19)","decl":{"start":{"line":126,"column":17},"end":{"line":126,"column":21}},"loc":{"start":{"line":126,"column":25},"end":{"line":126,"column":72}}},"11":{"name":"(anonymous_20)","decl":{"start":{"line":127,"column":16},"end":{"line":127,"column":20}},"loc":{"start":{"line":127,"column":24},"end":{"line":127,"column":96}}},"12":{"name":"(anonymous_21)","decl":{"start":{"line":128,"column":16},"end":{"line":128,"column":20}},"loc":{"start":{"line":128,"column":24},"end":{"line":128,"column":145}}},"13":{"name":"(anonymous_22)","decl":{"start":{"line":129,"column":15},"end":{"line":129,"column":19}},"loc":{"start":{"line":129,"column":23},"end":{"line":129,"column":44}}},"14":{"name":"(anonymous_23)","decl":{"start":{"line":130,"column":18},"end":{"line":130,"column":22}},"loc":{"start":{"line":130,"column":26},"end":{"line":130,"column":123}}},"15":{"name":"countLinesInDirectory","decl":{"start":{"line":143,"column":16},"end":{"line":143,"column":37}},"loc":{"start":{"line":143,"column":90},"end":{"line":213,"column":1}}},"16":{"name":"(anonymous_25)","decl":{"start":{"line":169,"column":43},"end":{"line":169,"column":50}},"loc":{"start":{"line":169,"column":54},"end":{"line":169,"column":80}}},"17":{"name":"countLines","decl":{"start":{"line":221,"column":16},"end":{"line":221,"column":26}},"loc":{"start":{"line":221,"column":82},"end":{"line":250,"column":1}}}},"branchMap":{"0":{"loc":{"start":{"line":63,"column":51},"end":{"line":63,"column":86}},"type":"default-arg","locations":[{"start":{"line":63,"column":84},"end":{"line":63,"column":86}}]},"1":{"loc":{"start":{"line":71,"column":31},"end":{"line":71,"column":98}},"type":"cond-expr","locations":[{"start":{"line":71,"column":72},"end":{"line":71,"column":90}},{"start":{"line":71,"column":93},"end":{"line":71,"column":98}}]},"2":{"loc":{"start":{"line":71,"column":31},"end":{"line":71,"column":69}},"type":"binary-expr","locations":[{"start":{"line":71,"column":31},"end":{"line":71,"column":49}},{"start":{"line":71,"column":53},"end":{"line":71,"column":69}}]},"3":{"loc":{"start":{"line":86,"column":12},"end":{"line":92,"column":13}},"type":"if","locations":[{"start":{"line":86,"column":12},"end":{"line":92,"column":13}},{"start":{"line":88,"column":19},"end":{"line":92,"column":13}}]},"4":{"loc":{"start":{"line":88,"column":19},"end":{"line":92,"column":13}},"type":"if","locations":[{"start":{"line":88,"column":19},"end":{"line":92,"column":13}},{"start":{"line":90,"column":19},"end":{"line":92,"column":13}}]},"5":{"loc":{"start":{"line":96,"column":8},"end":{"line":98,"column":9}},"type":"if","locations":[{"start":{"line":96,"column":8},"end":{"line":98,"column":9}}]},"6":{"loc":{"start":{"line":100,"column":8},"end":{"line":102,"column":9}},"type":"if","locations":[{"start":{"line":100,"column":8},"end":{"line":102,"column":9}}]},"7":{"loc":{"start":{"line":106,"column":57},"end":{"line":106,"column":111}},"type":"cond-expr","locations":[{"start":{"line":106,"column":82},"end":{"line":106,"column":95}},{"start":{"line":106,"column":98},"end":{"line":106,"column":111}}]},"8":{"loc":{"start":{"line":118,"column":23},"end":{"line":118,"column":120}},"type":"binary-expr","locations":[{"start":{"line":118,"column":23},"end":{"line":118,"column":44}},{"start":{"line":118,"column":48},"end":{"line":118,"column":69}},{"start":{"line":118,"column":73},"end":{"line":118,"column":92}},{"start":{"line":118,"column":96},"end":{"line":118,"column":120}}]},"9":{"loc":{"start":{"line":119,"column":23},"end":{"line":119,"column":120}},"type":"binary-expr","locations":[{"start":{"line":119,"column":23},"end":{"line":119,"column":44}},{"start":{"line":119,"column":48},"end":{"line":119,"column":69}},{"start":{"line":119,"column":73},"end":{"line":119,"column":92}},{"start":{"line":119,"column":96},"end":{"line":119,"column":120}}]},"10":{"loc":{"start":{"line":122,"column":25},"end":{"line":122,"column":122}},"type":"binary-expr","locations":[{"start":{"line":122,"column":25},"end":{"line":122,"column":46}},{"start":{"line":122,"column":50},"end":{"line":122,"column":71}},{"start":{"line":122,"column":75},"end":{"line":122,"column":94}},{"start":{"line":122,"column":98},"end":{"line":122,"column":122}}]},"11":{"loc":{"start":{"line":123,"column":22},"end":{"line":123,"column":119}},"type":"binary-expr","locations":[{"start":{"line":123,"column":22},"end":{"line":123,"column":43}},{"start":{"line":123,"column":47},"end":{"line":123,"column":68}},{"start":{"line":123,"column":72},"end":{"line":123,"column":91}},{"start":{"line":123,"column":95},"end":{"line":123,"column":119}}]},"12":{"loc":{"start":{"line":124,"column":24},"end":{"line":124,"column":121}},"type":"binary-expr","locations":[{"start":{"line":124,"column":24},"end":{"line":124,"column":45}},{"start":{"line":124,"column":49},"end":{"line":124,"column":70}},{"start":{"line":124,"column":74},"end":{"line":124,"column":93}},{"start":{"line":124,"column":97},"end":{"line":124,"column":121}}]},"13":{"loc":{"start":{"line":125,"column":23},"end":{"line":125,"column":120}},"type":"binary-expr","locations":[{"start":{"line":125,"column":23},"end":{"line":125,"column":44}},{"start":{"line":125,"column":48},"end":{"line":125,"column":69}},{"start":{"line":125,"column":73},"end":{"line":125,"column":92}},{"start":{"line":125,"column":96},"end":{"line":125,"column":120}}]},"14":{"loc":{"start":{"line":126,"column":25},"end":{"line":126,"column":72}},"type":"binary-expr","locations":[{"start":{"line":126,"column":25},"end":{"line":126,"column":48}},{"start":{"line":126,"column":52},"end":{"line":126,"column":72}}]},"15":{"loc":{"start":{"line":127,"column":24},"end":{"line":127,"column":96}},"type":"binary-expr","locations":[{"start":{"line":127,"column":24},"end":{"line":127,"column":45}},{"start":{"line":127,"column":49},"end":{"line":127,"column":68}},{"start":{"line":127,"column":72},"end":{"line":127,"column":96}}]},"16":{"loc":{"start":{"line":128,"column":24},"end":{"line":128,"column":145}},"type":"binary-expr","locations":[{"start":{"line":128,"column":24},"end":{"line":128,"column":45}},{"start":{"line":128,"column":49},"end":{"line":128,"column":69}},{"start":{"line":128,"column":73},"end":{"line":128,"column":94}},{"start":{"line":128,"column":98},"end":{"line":128,"column":117}},{"start":{"line":128,"column":121},"end":{"line":128,"column":145}}]},"17":{"loc":{"start":{"line":130,"column":26},"end":{"line":130,"column":123}},"type":"binary-expr","locations":[{"start":{"line":130,"column":26},"end":{"line":130,"column":47}},{"start":{"line":130,"column":51},"end":{"line":130,"column":72}},{"start":{"line":130,"column":76},"end":{"line":130,"column":95}},{"start":{"line":130,"column":99},"end":{"line":130,"column":123}}]},"18":{"loc":{"start":{"line":134,"column":11},"end":{"line":134,"column":67}},"type":"binary-expr","locations":[{"start":{"line":134,"column":11},"end":{"line":134,"column":41}},{"start":{"line":134,"column":45},"end":{"line":134,"column":67}}]},"19":{"loc":{"start":{"line":143,"column":55},"end":{"line":143,"column":90}},"type":"default-arg","locations":[{"start":{"line":143,"column":88},"end":{"line":143,"column":90}}]},"20":{"loc":{"start":{"line":169,"column":12},"end":{"line":171,"column":13}},"type":"if","locations":[{"start":{"line":169,"column":12},"end":{"line":171,"column":13}}]},"21":{"loc":{"start":{"line":175,"column":12},"end":{"line":205,"column":13}},"type":"if","locations":[{"start":{"line":175,"column":12},"end":{"line":205,"column":13}},{"start":{"line":187,"column":19},"end":{"line":205,"column":13}}]},"22":{"loc":{"start":{"line":175,"column":16},"end":{"line":175,"column":62}},"type":"binary-expr","locations":[{"start":{"line":175,"column":16},"end":{"line":175,"column":35}},{"start":{"line":175,"column":39},"end":{"line":175,"column":62}}]},"23":{"loc":{"start":{"line":187,"column":19},"end":{"line":205,"column":13}},"type":"if","locations":[{"start":{"line":187,"column":19},"end":{"line":205,"column":13}}]},"24":{"loc":{"start":{"line":191,"column":16},"end":{"line":204,"column":17}},"type":"if","locations":[{"start":{"line":191,"column":16},"end":{"line":204,"column":17}}]},"25":{"loc":{"start":{"line":194,"column":20},"end":{"line":203,"column":21}},"type":"if","locations":[{"start":{"line":194,"column":20},"end":{"line":203,"column":21}}]},"26":{"loc":{"start":{"line":210,"column":64},"end":{"line":210,"column":118}},"type":"cond-expr","locations":[{"start":{"line":210,"column":89},"end":{"line":210,"column":102}},{"start":{"line":210,"column":105},"end":{"line":210,"column":118}}]},"27":{"loc":{"start":{"line":221,"column":47},"end":{"line":221,"column":82}},"type":"default-arg","locations":[{"start":{"line":221,"column":80},"end":{"line":221,"column":82}}]},"28":{"loc":{"start":{"line":227,"column":8},"end":{"line":245,"column":9}},"type":"if","locations":[{"start":{"line":227,"column":8},"end":{"line":245,"column":9}},{"start":{"line":229,"column":15},"end":{"line":245,"column":9}}]},"29":{"loc":{"start":{"line":229,"column":15},"end":{"line":245,"column":9}},"type":"if","locations":[{"start":{"line":229,"column":15},"end":{"line":245,"column":9}},{"start":{"line":243,"column":15},"end":{"line":245,"column":9}}]},"30":{"loc":{"start":{"line":232,"column":12},"end":{"line":242,"column":13}},"type":"if","locations":[{"start":{"line":232,"column":12},"end":{"line":242,"column":13}},{"start":{"line":240,"column":19},"end":{"line":242,"column":13}}]},"31":{"loc":{"start":{"line":247,"column":32},"end":{"line":247,"column":86}},"type":"cond-expr","locations":[{"start":{"line":247,"column":57},"end":{"line":247,"column":70}},{"start":{"line":247,"column":73},"end":{"line":247,"column":86}}]}},"s":{"0":0,"1":0,"2":0,"3":0,"4":0,"5":0,"6":0,"7":0,"8":0,"9":0,"10":0,"11":0,"12":0,"13":0,"14":0,"15":0,"16":0,"17":0,"18":0,"19":0,"20":0,"21":0,"22":0,"23":0,"24":0,"25":0,"26":0,"27":0,"28":0,"29":0,"30":0,"31":0,"32":0,"33":0,"34":0,"35":0,"36":0,"37":0,"38":0,"39":0,"40":0,"41":0,"42":0,"43":0,"44":0,"45":0,"46":0,"47":0,"48":0,"49":0,"50":0,"51":0,"52":0,"53":0,"54":0,"55":0,"56":0,"57":0,"58":0,"59":0,"60":0,"61":0,"62":0,"63":0,"64":0,"65":0,"66":0,"67":0,"68":0,"69":0,"70":0,"71":0,"72":0,"73":0,"74":0,"75":0,"76":0,"77":0,"78":0,"79":0,"80":0,"81":0,"82":0,"83":0,"84":0,"85":0},"f":{"0":0,"1":0,"2":0,"3":0,"4":0,"5":0,"6":0,"7":0,"8":0,"9":0,"10":0,"11":0,"12":0,"13":0,"14":0,"15":0,"16":0,"17":0},"b":{"0":[0],"1":[0,0],"2":[0,0],"3":[0,0],"4":[0,0],"5":[0],"6":[0],"7":[0,0],"8":[0,0,0,0],"9":[0,0,0,0],"10":[0,0,0,0],"11":[0,0,0,0],"12":[0,0,0,0],"13":[0,0,0,0],"14":[0,0],"15":[0,0,0],"16":[0,0,0,0,0],"17":[0,0,0,0],"18":[0,0],"19":[0],"20":[0],"21":[0,0],"22":[0,0],"23":[0],"24":[0],"25":[0],"26":[0,0],"27":[0],"28":[0,0],"29":[0,0],"30":[0,0],"31":[0,0]}}
}
