TN:
SF:src/cli.ts
FN:48,(anonymous_10)
FN:86,showHelp
FN:118,formatFileSize
FN:128,formatNumber
FN:135,calculateTotalSize
FN:136,(anonymous_15)
FN:142,displayTableResults
FN:177,(anonymous_17)
FN:196,(anonymous_18)
FN:198,(anonymous_19)
FN:200,(anonymous_20)
FN:225,(anonymous_21)
FN:269,displaySimpleResults
FN:283,(anonymous_23)
FN:294,(anonymous_24)
FN:302,main
FN:326,(anonymous_26)
FNF:17
FNH:0
FNDA:0,(anonymous_10)
FNDA:0,showHelp
FNDA:0,formatFileSize
FNDA:0,formatNumber
FNDA:0,calculateTotalSize
FNDA:0,(anonymous_15)
FNDA:0,displayTableResults
FNDA:0,(anonymous_17)
FNDA:0,(anonymous_18)
FNDA:0,(anonymous_19)
FNDA:0,(anonymous_20)
FNDA:0,(anonymous_21)
FNDA:0,displaySimpleResults
FNDA:0,(anonymous_23)
FNDA:0,(anonymous_24)
FNDA:0,main
FNDA:0,(anonymous_26)
DA:3,0
DA:4,0
DA:5,0
DA:6,0
DA:7,0
DA:10,0
DA:11,0
DA:27,0
DA:28,0
DA:42,0
DA:43,0
DA:44,0
DA:46,0
DA:47,0
DA:48,0
DA:49,0
DA:50,0
DA:51,0
DA:52,0
DA:53,0
DA:54,0
DA:55,0
DA:56,0
DA:57,0
DA:58,0
DA:59,0
DA:60,0
DA:62,0
DA:63,0
DA:64,0
DA:65,0
DA:67,0
DA:68,0
DA:69,0
DA:70,0
DA:71,0
DA:72,0
DA:73,0
DA:74,0
DA:75,0
DA:77,0
DA:80,0
DA:87,0
DA:88,0
DA:89,0
DA:91,0
DA:92,0
DA:94,0
DA:95,0
DA:96,0
DA:97,0
DA:98,0
DA:99,0
DA:100,0
DA:101,0
DA:102,0
DA:103,0
DA:104,0
DA:106,0
DA:107,0
DA:108,0
DA:109,0
DA:110,0
DA:111,0
DA:112,0
DA:119,0
DA:120,0
DA:121,0
DA:122,0
DA:129,0
DA:136,0
DA:143,0
DA:144,0
DA:147,0
DA:157,0
DA:158,0
DA:160,0
DA:171,0
DA:172,0
DA:175,0
DA:177,0
DA:178,0
DA:180,0
DA:181,0
DA:184,0
DA:185,0
DA:186,0
DA:187,0
DA:188,0
DA:189,0
DA:193,0
DA:195,0
DA:196,0
DA:197,0
DA:198,0
DA:199,0
DA:200,0
DA:204,0
DA:206,0
DA:225,0
DA:226,0
DA:237,0
DA:238,0
DA:241,0
DA:243,0
DA:244,0
DA:245,0
DA:246,0
DA:248,0
DA:249,0
DA:250,0
DA:252,0
DA:255,0
DA:262,0
DA:263,0
DA:270,0
DA:271,0
DA:272,0
DA:273,0
DA:274,0
DA:275,0
DA:276,0
DA:277,0
DA:279,0
DA:281,0
DA:283,0
DA:284,0
DA:286,0
DA:287,0
DA:290,0
DA:291,0
DA:294,0
DA:295,0
DA:303,0
DA:304,0
DA:305,0
DA:309,0
DA:310,0
DA:313,0
DA:316,0
DA:324,0
DA:326,0
DA:327,0
DA:328,0
DA:329,0
DA:331,0
DA:335,0
DA:337,0
DA:346,0
DA:347,0
DA:349,0
DA:352,0
DA:355,0
DA:356,0
DA:361,0
LF:155
LH:0
BRDA:46,0,0,0
BRDA:46,0,1,0
BRDA:46,1,0,0
BRDA:46,1,1,0
BRDA:47,2,0,0
BRDA:47,2,1,0
BRDA:47,3,0,0
BRDA:47,3,1,0
BRDA:47,4,0,0
BRDA:47,4,1,0
BRDA:48,5,0,0
BRDA:48,5,1,0
BRDA:49,6,0,0
BRDA:49,6,1,0
BRDA:49,7,0,0
BRDA:49,7,1,0
BRDA:50,8,0,0
BRDA:50,8,1,0
BRDA:50,9,0,0
BRDA:50,9,1,0
BRDA:50,10,0,0
BRDA:50,10,1,0
BRDA:51,11,0,0
BRDA:51,11,1,0
BRDA:53,12,0,0
BRDA:53,12,1,0
BRDA:55,13,0,0
BRDA:55,13,1,0
BRDA:57,14,0,0
BRDA:57,14,1,0
BRDA:59,15,0,0
BRDA:59,16,0,0
BRDA:59,16,1,0
BRDA:59,16,2,0
BRDA:62,17,0,0
BRDA:62,17,1,0
BRDA:64,18,0,0
BRDA:64,19,0,0
BRDA:64,19,1,0
BRDA:64,19,2,0
BRDA:67,20,0,0
BRDA:67,20,1,0
BRDA:68,21,0,0
BRDA:68,21,1,0
BRDA:69,22,0,0
BRDA:69,22,1,0
BRDA:70,23,0,0
BRDA:70,23,1,0
BRDA:70,24,0,0
BRDA:70,24,1,0
BRDA:72,25,0,0
BRDA:72,25,1,0
BRDA:72,26,0,0
BRDA:72,26,1,0
BRDA:75,27,0,0
BRDA:119,28,0,0
BRDA:120,29,0,0
BRDA:121,30,0,0
BRDA:136,31,0,0
BRDA:136,31,1,0
BRDA:178,32,0,0
BRDA:178,32,1,0
BRDA:180,33,0,0
BRDA:189,34,0,0
BRDA:189,34,1,0
BRDA:195,35,0,0
BRDA:195,35,1,0
BRDA:197,36,0,0
BRDA:197,36,1,0
BRDA:199,37,0,0
BRDA:284,38,0,0
BRDA:284,38,1,0
BRDA:286,39,0,0
BRDA:303,40,0,0
BRDA:309,41,0,0
BRDA:324,42,0,0
BRDA:324,42,1,0
BRDA:335,43,0,0
BRDA:335,43,1,0
BRDA:347,44,0,0
BRDA:347,44,1,0
BRF:81
BRH:0
end_of_record
TN:
SF:src/index.ts
FN:63,countLinesInFile
FN:115,createCommentDetector
FN:118,(anonymous_11)
FN:119,(anonymous_12)
FN:120,(anonymous_13)
FN:121,(anonymous_14)
FN:122,(anonymous_15)
FN:123,(anonymous_16)
FN:124,(anonymous_17)
FN:125,(anonymous_18)
FN:126,(anonymous_19)
FN:127,(anonymous_20)
FN:128,(anonymous_21)
FN:129,(anonymous_22)
FN:130,(anonymous_23)
FN:143,countLinesInDirectory
FN:169,(anonymous_25)
FN:221,countLines
FNF:18
FNH:0
FNDA:0,countLinesInFile
FNDA:0,createCommentDetector
FNDA:0,(anonymous_11)
FNDA:0,(anonymous_12)
FNDA:0,(anonymous_13)
FNDA:0,(anonymous_14)
FNDA:0,(anonymous_15)
FNDA:0,(anonymous_16)
FNDA:0,(anonymous_17)
FNDA:0,(anonymous_18)
FNDA:0,(anonymous_19)
FNDA:0,(anonymous_20)
FNDA:0,(anonymous_21)
FNDA:0,(anonymous_22)
FNDA:0,(anonymous_23)
FNDA:0,countLinesInDirectory
FNDA:0,(anonymous_25)
FNDA:0,countLines
DA:1,0
DA:2,0
DA:63,0
DA:64,0
DA:65,0
DA:67,0
DA:70,0
DA:71,0
DA:73,0
DA:80,0
DA:81,0
DA:83,0
DA:84,0
DA:86,0
DA:87,0
DA:88,0
DA:89,0
DA:91,0
DA:96,0
DA:97,0
DA:100,0
DA:101,0
DA:104,0
DA:106,0
DA:107,0
DA:117,0
DA:118,0
DA:119,0
DA:120,0
DA:121,0
DA:122,0
DA:123,0
DA:124,0
DA:125,0
DA:126,0
DA:127,0
DA:128,0
DA:129,0
DA:130,0
DA:134,0
DA:143,0
DA:144,0
DA:152,0
DA:154,0
DA:162,0
DA:163,0
DA:165,0
DA:166,0
DA:169,0
DA:170,0
DA:173,0
DA:175,0
DA:177,0
DA:180,0
DA:181,0
DA:182,0
DA:183,0
DA:186,0
DA:187,0
DA:188,0
DA:191,0
DA:192,0
DA:194,0
DA:196,0
DA:197,0
DA:198,0
DA:199,0
DA:202,0
DA:208,0
DA:210,0
DA:211,0
DA:221,0
DA:222,0
DA:224,0
DA:225,0
DA:227,0
DA:228,0
DA:229,0
DA:230,0
DA:232,0
DA:233,0
DA:241,0
DA:244,0
DA:247,0
DA:248,0
LF:85
LH:0
BRDA:63,0,0,0
BRDA:71,1,0,0
BRDA:71,1,1,0
BRDA:71,2,0,0
BRDA:71,2,1,0
BRDA:86,3,0,0
BRDA:86,3,1,0
BRDA:88,4,0,0
BRDA:88,4,1,0
BRDA:96,5,0,0
BRDA:100,6,0,0
BRDA:106,7,0,0
BRDA:106,7,1,0
BRDA:118,8,0,0
BRDA:118,8,1,0
BRDA:118,8,2,0
BRDA:118,8,3,0
BRDA:119,9,0,0
BRDA:119,9,1,0
BRDA:119,9,2,0
BRDA:119,9,3,0
BRDA:122,10,0,0
BRDA:122,10,1,0
BRDA:122,10,2,0
BRDA:122,10,3,0
BRDA:123,11,0,0
BRDA:123,11,1,0
BRDA:123,11,2,0
BRDA:123,11,3,0
BRDA:124,12,0,0
BRDA:124,12,1,0
BRDA:124,12,2,0
BRDA:124,12,3,0
BRDA:125,13,0,0
BRDA:125,13,1,0
BRDA:125,13,2,0
BRDA:125,13,3,0
BRDA:126,14,0,0
BRDA:126,14,1,0
BRDA:127,15,0,0
BRDA:127,15,1,0
BRDA:127,15,2,0
BRDA:128,16,0,0
BRDA:128,16,1,0
BRDA:128,16,2,0
BRDA:128,16,3,0
BRDA:128,16,4,0
BRDA:130,17,0,0
BRDA:130,17,1,0
BRDA:130,17,2,0
BRDA:130,17,3,0
BRDA:134,18,0,0
BRDA:134,18,1,0
BRDA:143,19,0,0
BRDA:169,20,0,0
BRDA:175,21,0,0
BRDA:175,21,1,0
BRDA:175,22,0,0
BRDA:175,22,1,0
BRDA:187,23,0,0
BRDA:191,24,0,0
BRDA:194,25,0,0
BRDA:210,26,0,0
BRDA:210,26,1,0
BRDA:221,27,0,0
BRDA:227,28,0,0
BRDA:227,28,1,0
BRDA:229,29,0,0
BRDA:229,29,1,0
BRDA:232,30,0,0
BRDA:232,30,1,0
BRDA:247,31,0,0
BRDA:247,31,1,0
BRF:73
BRH:0
end_of_record
